app/build/intermediates/manifest_merge_blame_file/debug/manifest-merger-blame-debug-report.txt
1<?xml version="1.0" encoding="utf-8"?>
2<manifest xmlns:android="http://schemas.android.com/apk/res/android"
3    package="example.androidgrid.simplenotesapp"
4    android:versionCode="1"
5    android:versionName="1.0" >
6
7    <uses-sdk
8        android:minSdkVersion="19"
8-->src\main\AndroidManifest.xml
9        android:targetSdkVersion="28" />
9-->src\main\AndroidManifest.xml
10
11    <uses-permission android:name="android.permission.INTERNET" />
11-->src\main\AndroidManifest.xml:5:5-67
11-->src\main\AndroidManifest.xml:5:22-64
12    <uses-permission android:name="android.permission.ACCESS_NETWORK_STATE" />
12-->[com.google.firebase:firebase-analytics:11.0.4] AndroidManifest.xml:21:5-78
12-->[com.google.firebase:firebase-analytics:11.0.4] AndroidManifest.xml:21:22-76
13    <uses-permission android:name="android.permission.WAKE_LOCK" />
13-->[com.google.firebase:firebase-analytics:11.0.4] AndroidManifest.xml:22:5-67
13-->[com.google.firebase:firebase-analytics:11.0.4] AndroidManifest.xml:22:22-65
14    <uses-permission android:name="com.google.android.c2dm.permission.RECEIVE" />
14-->[com.google.firebase:firebase-iid:11.0.4] AndroidManifest.xml:22:5-81
14-->[com.google.firebase:firebase-iid:11.0.4] AndroidManifest.xml:22:22-79
15
16    <permission
16-->[com.google.firebase:firebase-iid:11.0.4] AndroidManifest.xml:24:5-109
17        android:name="example.androidgrid.simplenotesapp.permission.C2D_MESSAGE"
17-->[com.google.firebase:firebase-iid:11.0.4] AndroidManifest.xml:24:17-71
18        android:protectionLevel="signature" />
18-->[com.google.firebase:firebase-iid:11.0.4] AndroidManifest.xml:24:72-107
19
20    <uses-permission android:name="example.androidgrid.simplenotesapp.permission.C2D_MESSAGE" />
20-->[com.google.firebase:firebase-iid:11.0.4] AndroidManifest.xml:26:5-78
20-->[com.google.firebase:firebase-iid:11.0.4] AndroidManifest.xml:26:22-76
21
22    <application
22-->src\main\AndroidManifest.xml:7:5-44:19
23        android:allowBackup="true"
23-->src\main\AndroidManifest.xml:8:9-35
24        android:debuggable="true"
25        android:icon="@drawable/edit"
25-->src\main\AndroidManifest.xml:9:9-38
26        android:label="@string/app_name"
26-->src\main\AndroidManifest.xml:10:9-41
27        android:roundIcon="@drawable/edit"
27-->src\main\AndroidManifest.xml:11:9-43
28        android:supportsRtl="true"
28-->src\main\AndroidManifest.xml:12:9-35
29        android:theme="@style/AppTheme" >
29-->src\main\AndroidManifest.xml:13:9-40
30        <activity
30-->src\main\AndroidManifest.xml:14:9-21:20
31            android:name="example.androidgrid.simplenotesapp.MainActivity"
31-->src\main\AndroidManifest.xml:14:19-47
32            android:screenOrientation="portrait" >
32-->src\main\AndroidManifest.xml:15:13-49
33            <intent-filter>
33-->src\main\AndroidManifest.xml:16:13-20:29
34                <action android:name="android.intent.action.MAIN" />
34-->src\main\AndroidManifest.xml:17:17-69
34-->src\main\AndroidManifest.xml:17:25-66
35
36                <category android:name="android.intent.category.LAUNCHER" />
36-->src\main\AndroidManifest.xml:19:17-77
36-->src\main\AndroidManifest.xml:19:27-74
37            </intent-filter>
38        </activity>
39        <activity
39-->src\main\AndroidManifest.xml:22:9-24:59
40            android:name="example.androidgrid.simplenotesapp.StartActivity"
40-->src\main\AndroidManifest.xml:23:13-42
41            android:theme="@style/AppTheme.NoActionBar" />
41-->src\main\AndroidManifest.xml:24:13-56
42        <activity android:name="example.androidgrid.simplenotesapp.user_sign.Activity_Login" />
42-->src\main\AndroidManifest.xml:27:9-62
42-->src\main\AndroidManifest.xml:27:19-59
43        <activity
43-->src\main\AndroidManifest.xml:28:9-30:48
44            android:name="example.androidgrid.simplenotesapp.user_sign.RegisterActivity"
44-->src\main\AndroidManifest.xml:29:13-55
45            android:label="@string/register" />
45-->src\main\AndroidManifest.xml:30:13-45
46        <activity android:name="example.androidgrid.simplenotesapp.user_sign.PhoneLoginActivity" />
46-->src\main\AndroidManifest.xml:31:9-66
46-->src\main\AndroidManifest.xml:31:19-63
47        <activity
47-->src\main\AndroidManifest.xml:33:9-35:27
48            android:name="example.androidgrid.simplenotesapp.user_sign.ResetPasswordActivity"
48-->src\main\AndroidManifest.xml:33:19-66
49            android:parentActivityName="example.androidgrid.simplenotesapp.MainActivity" >
49-->src\main\AndroidManifest.xml:34:13-55
50        </activity>
51        <activity
51-->src\main\AndroidManifest.xml:37:9-41:20
52            android:name="example.androidgrid.simplenotesapp.NewNoteActivity"
52-->src\main\AndroidManifest.xml:37:19-50
53            android:parentActivityName="example.androidgrid.simplenotesapp.MainActivity" >
53-->src\main\AndroidManifest.xml:38:13-55
54        </activity>
55
56        <meta-data
56-->[com.android.support:design:26.0.0] AndroidManifest.xml:26:9-28:38
57            android:name="android.support.VERSION"
57-->[com.android.support:design:26.0.0] AndroidManifest.xml:27:13-51
58            android:value="26.0.0" />
58-->[com.android.support:design:26.0.0] AndroidManifest.xml:28:13-35
59        <meta-data
59-->[com.firebaseui:firebase-ui-database:2.2.0] AndroidManifest.xml:14:9-16:69
60            android:name="com.google.android.gms.version"
60-->[com.firebaseui:firebase-ui-database:2.2.0] AndroidManifest.xml:15:13-58
61            android:value="@integer/google_play_services_version" />
61-->[com.firebaseui:firebase-ui-database:2.2.0] AndroidManifest.xml:16:13-66
62
63        <receiver
63-->[com.google.firebase:firebase-analytics:11.0.4] AndroidManifest.xml:25:7-26:18
64            android:name="com.google.android.gms.measurement.AppMeasurementReceiver"
64-->[com.google.firebase:firebase-analytics:11.0.4] AndroidManifest.xml:25:17-89
65            android:enabled="true"
65-->[com.google.firebase:firebase-analytics:11.0.4] AndroidManifest.xml:25:90-112
66            android:exported="false" >
66-->[com.google.firebase:firebase-analytics:11.0.4] AndroidManifest.xml:25:113-137
67        </receiver>
68        <receiver
68-->[com.google.firebase:firebase-analytics:11.0.4] AndroidManifest.xml:27:7-31:18
69            android:name="com.google.android.gms.measurement.AppMeasurementInstallReferrerReceiver"
69-->[com.google.firebase:firebase-analytics:11.0.4] AndroidManifest.xml:27:17-104
70            android:enabled="true"
70-->[com.google.firebase:firebase-analytics:11.0.4] AndroidManifest.xml:27:162-184
71            android:exported="true"
71-->[com.google.firebase:firebase-analytics:11.0.4] AndroidManifest.xml:27:185-208
72            android:permission="android.permission.INSTALL_PACKAGES" >
72-->[com.google.firebase:firebase-analytics:11.0.4] AndroidManifest.xml:27:105-161
73            <intent-filter>
73-->[com.google.firebase:firebase-analytics:11.0.4] AndroidManifest.xml:28:11-30:27
74                <action android:name="com.android.vending.INSTALL_REFERRER" />
74-->[com.google.firebase:firebase-analytics:11.0.4] AndroidManifest.xml:29:15-76
74-->[com.google.firebase:firebase-analytics:11.0.4] AndroidManifest.xml:29:23-74
75            </intent-filter>
76        </receiver>
77
78        <service
78-->[com.google.firebase:firebase-analytics:11.0.4] AndroidManifest.xml:32:7-137
79            android:name="com.google.android.gms.measurement.AppMeasurementService"
79-->[com.google.firebase:firebase-analytics:11.0.4] AndroidManifest.xml:32:16-87
80            android:enabled="true"
80-->[com.google.firebase:firebase-analytics:11.0.4] AndroidManifest.xml:32:88-110
81            android:exported="false" />
81-->[com.google.firebase:firebase-analytics:11.0.4] AndroidManifest.xml:32:111-135
82        <service
82-->[com.google.firebase:firebase-analytics:11.0.4] AndroidManifest.xml:33:7-197
83            android:name="com.google.android.gms.measurement.AppMeasurementJobService"
83-->[com.google.firebase:firebase-analytics:11.0.4] AndroidManifest.xml:33:16-90
84            android:enabled="true"
84-->[com.google.firebase:firebase-analytics:11.0.4] AndroidManifest.xml:33:148-170
85            android:exported="false"
85-->[com.google.firebase:firebase-analytics:11.0.4] AndroidManifest.xml:33:171-195
86            android:permission="android.permission.BIND_JOB_SERVICE" />
86-->[com.google.firebase:firebase-analytics:11.0.4] AndroidManifest.xml:33:91-147
87
88        <receiver
88-->[com.google.firebase:firebase-iid:11.0.4] AndroidManifest.xml:30:9-35:20
89            android:name="com.google.firebase.iid.FirebaseInstanceIdReceiver"
89-->[com.google.firebase:firebase-iid:11.0.4] AndroidManifest.xml:30:19-84
90            android:exported="true"
90-->[com.google.firebase:firebase-iid:11.0.4] AndroidManifest.xml:30:85-108
91            android:permission="com.google.android.c2dm.permission.SEND" >
91-->[com.google.firebase:firebase-iid:11.0.4] AndroidManifest.xml:30:109-169
92            <intent-filter>
92-->[com.google.firebase:firebase-iid:11.0.4] AndroidManifest.xml:31:13-34:29
93                <action android:name="com.google.android.c2dm.intent.RECEIVE" />
93-->[com.google.firebase:firebase-iid:11.0.4] AndroidManifest.xml:32:17-80
93-->[com.google.firebase:firebase-iid:11.0.4] AndroidManifest.xml:32:25-78
94
95                <category android:name="example.androidgrid.simplenotesapp" />
95-->[com.google.firebase:firebase-iid:11.0.4] AndroidManifest.xml:33:17-60
95-->[com.google.firebase:firebase-iid:11.0.4] AndroidManifest.xml:33:27-58
96            </intent-filter>
97        </receiver>
98        <!--
99 Internal (not exported) receiver used by the app to start its own exported services
100             without risk of being spoofed.
101        -->
102        <receiver
102-->[com.google.firebase:firebase-iid:11.0.4] AndroidManifest.xml:39:9-119
103            android:name="com.google.firebase.iid.FirebaseInstanceIdInternalReceiver"
103-->[com.google.firebase:firebase-iid:11.0.4] AndroidManifest.xml:39:19-92
104            android:exported="false" />
104-->[com.google.firebase:firebase-iid:11.0.4] AndroidManifest.xml:39:93-117
105        <!--
106 FirebaseInstanceIdService performs security checks at runtime,
107             no need for explicit permissions despite exported="true"
108        -->
109        <service
109-->[com.google.firebase:firebase-iid:11.0.4] AndroidManifest.xml:43:9-47:19
110            android:name="com.google.firebase.iid.FirebaseInstanceIdService"
110-->[com.google.firebase:firebase-iid:11.0.4] AndroidManifest.xml:43:18-82
111            android:exported="true" >
111-->[com.google.firebase:firebase-iid:11.0.4] AndroidManifest.xml:43:83-106
112            <intent-filter android:priority="-500" >
112-->[com.google.firebase:firebase-iid:11.0.4] AndroidManifest.xml:44:13-46:29
112-->[com.google.firebase:firebase-iid:11.0.4] AndroidManifest.xml:44:28-51
113                <action android:name="com.google.firebase.INSTANCE_ID_EVENT" />
113-->[com.google.firebase:firebase-iid:11.0.4] AndroidManifest.xml:45:17-79
113-->[com.google.firebase:firebase-iid:11.0.4] AndroidManifest.xml:45:25-77
114            </intent-filter>
115        </service>
116
117        <provider
117-->[com.google.firebase:firebase-common:11.0.4] AndroidManifest.xml:6:9-194
118            android:name="com.google.firebase.provider.FirebaseInitProvider"
118-->[com.google.firebase:firebase-common:11.0.4] AndroidManifest.xml:6:79-143
119            android:authorities="example.androidgrid.simplenotesapp.firebaseinitprovider"
119-->[com.google.firebase:firebase-common:11.0.4] AndroidManifest.xml:6:19-78
120            android:exported="false"
120-->[com.google.firebase:firebase-common:11.0.4] AndroidManifest.xml:6:144-168
121            android:initOrder="100" />
121-->[com.google.firebase:firebase-common:11.0.4] AndroidManifest.xml:6:169-192
122
123        <activity
123-->[com.google.android.gms:play-services-base:11.0.4] AndroidManifest.xml:19:9-172
124            android:name="com.google.android.gms.common.api.GoogleApiActivity"
124-->[com.google.android.gms:play-services-base:11.0.4] AndroidManifest.xml:19:19-85
125            android:exported="false"
125-->[com.google.android.gms:play-services-base:11.0.4] AndroidManifest.xml:19:146-170
126            android:theme="@android:style/Theme.Translucent.NoTitleBar" />
126-->[com.google.android.gms:play-services-base:11.0.4] AndroidManifest.xml:19:86-145
127
128        <provider
128-->[android.arch.lifecycle:extensions:1.0.0-alpha5] AndroidManifest.xml:27:9-31:43
129            android:name="android.arch.lifecycle.LifecycleRuntimeTrojanProvider"
129-->[android.arch.lifecycle:extensions:1.0.0-alpha5] AndroidManifest.xml:28:13-81
130            android:authorities="example.androidgrid.simplenotesapp.lifecycle-trojan"
130-->[android.arch.lifecycle:extensions:1.0.0-alpha5] AndroidManifest.xml:29:13-68
131            android:exported="false"
131-->[android.arch.lifecycle:extensions:1.0.0-alpha5] AndroidManifest.xml:30:13-37
132            android:multiprocess="true" />
132-->[android.arch.lifecycle:extensions:1.0.0-alpha5] AndroidManifest.xml:31:13-40
133    </application>
134
135</manifest>